
> frontend@0.1.0 dev
> next dev

▲ Next.js 16.1.6 (Turbopack)
- Local:         http://localhost:3000
- Network:       http://192.168.1.142:3000

✓ Starting...
✓ Ready in 653ms
 GET / 307 in 217ms (compile: 136ms, render: 81ms)
 GET /login 200 in 25ms (compile: 11ms, render: 15ms)
 GET /manifest.webmanifest 200 in 33ms (compile: 28ms, render: 5ms)
 GET /admin/dashboard 200 in 23ms (compile: 12ms, render: 11ms)
 GET /manifest.webmanifest 200 in 3ms (compile: 1108µs, render: 1747µs)
 GET /admin/clients 200 in 33ms (compile: 23ms, render: 10ms)
 GET /manifest.webmanifest 200 in 3ms (compile: 1319µs, render: 1657µs)
 GET /uploads/c4d7b6d0f0224bbfa65856a55e6a794d.png 404 in 77ms (compile: 48ms, render: 29ms)
 GET /uploads/c4d7b6d0f0224bbfa65856a55e6a794d.png 404 in 25ms (compile: 3ms, render: 22ms)
 GET /admin/clients 200 in 41ms (compile: 5ms, render: 37ms)
 GET /manifest.webmanifest 200 in 3ms (compile: 1440µs, render: 1686µs)
 GET /uploads/c4d7b6d0f0224bbfa65856a55e6a794d.png 404 in 15ms (compile: 1215µs, render: 14ms)
 GET /admin/clients 200 in 41ms (compile: 5ms, render: 36ms)
 GET /manifest.webmanifest 200 in 3ms (compile: 1283µs, render: 1926µs)
 GET /uploads/c4d7b6d0f0224bbfa65856a55e6a794d.png 404 in 15ms (compile: 1292µs, render: 14ms)
 GET /uploads/c4d7b6d0f0224bbfa65856a55e6a794d.png 404 in 19ms (compile: 1875µs, render: 17ms)
 GET /uploads/453c12cd3dd44a8db21f6ef64ace3f7c.jpg 404 in 25ms (compile: 5ms, render: 20ms)
 GET /uploads/453c12cd3dd44a8db21f6ef64ace3f7c.jpg 404 in 23ms (compile: 2ms, render: 21ms)
 GET /uploads/453c12cd3dd44a8db21f6ef64ace3f7c.jpg 404 in 25ms (compile: 4ms, render: 21ms)
 GET /admin/clients 200 in 38ms (compile: 5ms, render: 33ms)
 GET /manifest.webmanifest 200 in 4ms (compile: 1594µs, render: 2ms)
 GET /uploads/453c12cd3dd44a8db21f6ef64ace3f7c.jpg 404 in 13ms (compile: 1202µs, render: 12ms)
 GET /uploads/453c12cd3dd44a8db21f6ef64ace3f7c.jpg 404 in 23ms (compile: 3ms, render: 20ms)
 GET /admin/dashboard 200 in 24ms (compile: 7ms, render: 17ms)
 GET /manifest.webmanifest 200 in 4ms (compile: 1845µs, render: 2ms)
 GET /admin/dashboard 200 in 54ms (compile: 6ms, render: 48ms)
 GET /manifest.webmanifest 200 in 3ms (compile: 1088µs, render: 1743µs)
 GET /admin/forms 200 in 36ms (compile: 26ms, render: 10ms)
 GET /manifest.webmanifest 200 in 3ms (compile: 1158µs, render: 2ms)
 GET /admin/dashboard 200 in 17ms (compile: 3ms, render: 14ms)
 GET /manifest.webmanifest 200 in 4ms (compile: 1172µs, render: 3ms)
 GET /admin/projects 200 in 34ms (compile: 24ms, render: 10ms)
 GET /manifest.webmanifest 200 in 3ms (compile: 1200µs, render: 1794µs)
 GET /admin/dashboard 200 in 20ms (compile: 6ms, render: 14ms)
 GET /manifest.webmanifest 200 in 4ms (compile: 1392µs, render: 2ms)
 GET /admin/team 200 in 35ms (compile: 25ms, render: 10ms)
 GET /manifest.webmanifest 200 in 3ms (compile: 1005µs, render: 1637µs)
 GET /login 200 in 38ms (compile: 26ms, render: 12ms)
 GET /login 200 in 41ms (compile: 6ms, render: 35ms)
 GET /manifest.webmanifest 200 in 2ms (compile: 915µs, render: 1262µs)
 GET /login 200 in 26ms (compile: 3ms, render: 22ms)
 GET /manifest.webmanifest 200 in 3ms (compile: 1418µs, render: 1632µs)
 GET /admin/dashboard 200 in 8ms (compile: 2ms, render: 6ms)
 GET /manifest.webmanifest 200 in 4ms (compile: 2ms, render: 1513µs)
 GET /admin/projects 200 in 19ms (compile: 6ms, render: 13ms)
 GET /manifest.webmanifest 200 in 2ms (compile: 944µs, render: 1438µs)
 GET /admin/team 200 in 19ms (compile: 4ms, render: 15ms)
 GET /manifest.webmanifest 200 in 3ms (compile: 1095µs, render: 1811µs)
 GET /login 200 in 12ms (compile: 2ms, render: 10ms)
 GET /login 200 in 42ms (compile: 3ms, render: 39ms)
 GET /manifest.webmanifest 200 in 3ms (compile: 952µs, render: 1599µs)
 GET /manager/dashboard 200 in 25ms (compile: 19ms, render: 6ms)
 GET /manifest.webmanifest 200 in 2ms (compile: 909µs, render: 1255µs)
 GET /admin/team 200 in 12ms (compile: 1823µs, render: 10ms)
 GET /manifest.webmanifest 200 in 3ms (compile: 1295µs, render: 1683µs)
 GET /admin/forms 200 in 19ms (compile: 6ms, render: 13ms)
 GET /manifest.webmanifest 200 in 3ms (compile: 1082µs, render: 1627µs)
 GET /login 200 in 14ms (compile: 2ms, render: 12ms)
 GET /manifest.webmanifest 200 in 1993µs (compile: 864µs, render: 1129µs)
 GET /login 200 in 59ms (compile: 4ms, render: 54ms)
 GET /admin/dashboard 200 in 9ms (compile: 1349µs, render: 8ms)
 GET /manifest.webmanifest 200 in 3ms (compile: 1272µs, render: 1337µs)
 GET /admin/team 200 in 18ms (compile: 4ms, render: 14ms)
 GET /manifest.webmanifest 200 in 3ms (compile: 990µs, render: 1721µs)
 GET /admin/dashboard 200 in 20ms (compile: 5ms, render: 14ms)
 GET /manifest.webmanifest 200 in 3ms (compile: 1223µs, render: 1908µs)
 GET /admin/team 200 in 18ms (compile: 4ms, render: 15ms)
 GET /manifest.webmanifest 200 in 3ms (compile: 1143µs, render: 2ms)
 GET /login 200 in 11ms (compile: 2ms, render: 9ms)
 GET /login 200 in 43ms (compile: 3ms, render: 39ms)
 GET /manifest.webmanifest 200 in 2ms (compile: 955µs, render: 1197µs)
 GET /manager/dashboard 200 in 7ms (compile: 1107µs, render: 6ms)
 GET /manifest.webmanifest 200 in 2ms (compile: 873µs, render: 1391µs)
 GET /admin/forms 200 in 18ms (compile: 3ms, render: 14ms)
 GET /manifest.webmanifest 200 in 3ms (compile: 1083µs, render: 1769µs)
 GET /manager/dashboard 200 in 19ms (compile: 3ms, render: 16ms)
 GET /manifest.webmanifest 200 in 4ms (compile: 1152µs, render: 3ms)
 GET /admin/team 200 in 19ms (compile: 4ms, render: 15ms)
 GET /manifest.webmanifest 200 in 3ms (compile: 1080µs, render: 1743µs)
 GET /admin/clients 200 in 21ms (compile: 6ms, render: 15ms)
 GET /manifest.webmanifest 200 in 3ms (compile: 1277µs, render: 1801µs)
 GET /manager/dashboard 200 in 18ms (compile: 3ms, render: 15ms)
 GET /manifest.webmanifest 200 in 3ms (compile: 1176µs, render: 1612µs)
 GET /admin/projects 200 in 19ms (compile: 3ms, render: 16ms)
 GET /manifest.webmanifest 200 in 3ms (compile: 1400µs, render: 1685µs)
 GET /manager/dashboard 200 in 18ms (compile: 4ms, render: 15ms)
 GET /manifest.webmanifest 200 in 3ms (compile: 1382µs, render: 2ms)
 GET /admin/team 200 in 19ms (compile: 4ms, render: 15ms)
 GET /manifest.webmanifest 200 in 3ms (compile: 1319µs, render: 1727µs)
 GET /admin/projects 200 in 39ms (compile: 2ms, render: 37ms)
 GET /manifest.webmanifest 200 in 2ms (compile: 1039µs, render: 1245µs)
 GET /manager/dashboard 200 in 17ms (compile: 3ms, render: 14ms)
 GET /manifest.webmanifest 200 in 3ms (compile: 947µs, render: 1850µs)
 GET /admin/team 200 in 19ms (compile: 3ms, render: 15ms)
 GET /manifest.webmanifest 200 in 3ms (compile: 1258µs, render: 1709µs)
 GET /admin/team 200 in 41ms (compile: 3ms, render: 38ms)
 GET /manifest.webmanifest 200 in 2ms (compile: 890µs, render: 1280µs)
 GET /manager/dashboard 200 in 16ms (compile: 3ms, render: 13ms)
 GET /manifest.webmanifest 200 in 3ms (compile: 1175µs, render: 1402µs)
 GET /login 200 in 11ms (compile: 2ms, render: 9ms)
 GET /login 200 in 39ms (compile: 3ms, render: 36ms)
 GET /manifest.webmanifest 200 in 3ms (compile: 943µs, render: 1613µs)
 GET /admin/dashboard 200 in 7ms (compile: 1044µs, render: 6ms)
 GET /manifest.webmanifest 200 in 3ms (compile: 1432µs, render: 1297µs)
 GET /admin/team 200 in 17ms (compile: 3ms, render: 14ms)
 GET /manifest.webmanifest 200 in 2ms (compile: 937µs, render: 1421µs)
 GET /login 200 in 28ms (compile: 3ms, render: 24ms)
 GET /manifest.webmanifest 200 in 4ms (compile: 1590µs, render: 1947µs)
 GET /admin/dashboard 200 in 10ms (compile: 1132µs, render: 9ms)
 GET /manifest.webmanifest 200 in 1873µs (compile: 753µs, render: 1120µs)
 GET /admin/team 200 in 25ms (compile: 1544µs, render: 23ms)
 GET /manifest.webmanifest 200 in 2ms (compile: 1248µs, render: 1158µs)
✓ Compiled in 32ms
 GET /admin/team 200 in 26ms (compile: 3ms, render: 22ms)
 GET /admin/team 200 in 12ms (compile: 1048µs, render: 11ms)
✓ Compiled in 37ms
 GET /manifest.webmanifest 200 in 3ms (compile: 1351µs, render: 1723µs)
 GET /manifest.webmanifest 200 in 1882µs (compile: 810µs, render: 1072µs)
 GET /admin/team 200 in 9ms (compile: 1025µs, render: 8ms)
 GET /manifest.webmanifest 200 in 2ms (compile: 739µs, render: 1504µs)
✓ Compiled in 12ms
 GET /admin/projects 200 in 22ms (compile: 10ms, render: 12ms)
 GET /manifest.webmanifest 200 in 4ms (compile: 1946µs, render: 1788µs)
 GET /admin/dashboard 200 in 19ms (compile: 6ms, render: 13ms)
 GET /manifest.webmanifest 200 in 3ms (compile: 1015µs, render: 1804µs)
 GET /admin/feedback 200 in 37ms (compile: 27ms, render: 9ms)
 GET /manifest.webmanifest 200 in 2ms (compile: 843µs, render: 1273µs)
 GET /admin/forms 200 in 22ms (compile: 9ms, render: 12ms)
 GET /manifest.webmanifest 200 in 3ms (compile: 1126µs, render: 1498µs)
 GET /admin/projects 200 in 19ms (compile: 4ms, render: 15ms)
 GET /manifest.webmanifest 200 in 4ms (compile: 1742µs, render: 2ms)
 GET /admin/clients 200 in 24ms (compile: 11ms, render: 13ms)
 GET /manifest.webmanifest 200 in 3ms (compile: 1463µs, render: 1572µs)
 GET /admin/team 200 in 18ms (compile: 3ms, render: 15ms)
 GET /manifest.webmanifest 200 in 3ms (compile: 1315µs, render: 1575µs)
 GET /admin/projects 200 in 19ms (compile: 3ms, render: 15ms)
 GET /manifest.webmanifest 200 in 3ms (compile: 1015µs, render: 1530µs)
 GET /admin/dashboard 200 in 17ms (compile: 3ms, render: 14ms)
 GET /manifest.webmanifest 200 in 4ms (compile: 1646µs, render: 1861µs)
 GET /admin/team 200 in 19ms (compile: 4ms, render: 15ms)
 GET /manifest.webmanifest 200 in 3ms (compile: 1116µs, render: 1556µs)
 GET /admin/team 200 in 36ms (compile: 3ms, render: 33ms)
 GET /manifest.webmanifest 200 in 2ms (compile: 959µs, render: 1332µs)
 GET /admin/forms 200 in 18ms (compile: 4ms, render: 15ms)
 GET /manifest.webmanifest 200 in 2ms (compile: 1041µs, render: 1419µs)
 GET /admin/projects 200 in 14ms (compile: 1994µs, render: 12ms)
 GET /manifest.webmanifest 200 in 3ms (compile: 1088µs, render: 1577µs)
 GET /admin/team 200 in 18ms (compile: 4ms, render: 14ms)
 GET /manifest.webmanifest 200 in 3ms (compile: 1277µs, render: 1551µs)
 GET /login 200 in 12ms (compile: 2ms, render: 10ms)
 GET /login 200 in 42ms (compile: 5ms, render: 38ms)
 GET /manifest.webmanifest 200 in 2ms (compile: 836µs, render: 1502µs)
 GET /manager/dashboard 200 in 53ms (compile: 44ms, render: 9ms)
 GET /manifest.webmanifest 200 in 2ms (compile: 871µs, render: 1270µs)
 GET /admin/forms 200 in 18ms (compile: 4ms, render: 15ms)
 GET /manifest.webmanifest 200 in 3ms (compile: 956µs, render: 1626µs)
 GET /admin/projects 200 in 17ms (compile: 3ms, render: 14ms)
 GET /manifest.webmanifest 200 in 3ms (compile: 1393µs, render: 2ms)
 GET /manager/dashboard 200 in 18ms (compile: 3ms, render: 15ms)
 GET /manifest.webmanifest 200 in 3ms (compile: 1573µs, render: 1667µs)
 GET /admin/projects 200 in 16ms (compile: 3ms, render: 13ms)
 GET /manifest.webmanifest 200 in 4ms (compile: 1295µs, render: 2ms)
 GET /manager/dashboard 200 in 13ms (compile: 3ms, render: 11ms)
 GET /manifest.webmanifest 200 in 2ms (compile: 987µs, render: 1326µs)
 GET /manifest.webmanifest 200 in 5ms (compile: 2ms, render: 3ms)
 GET /admin/forms 200 in 20ms (compile: 6ms, render: 14ms)
 GET /manifest.webmanifest 200 in 4ms (compile: 1529µs, render: 2ms)
 GET /manager/dashboard 200 in 16ms (compile: 4ms, render: 12ms)
 GET /manifest.webmanifest 200 in 3ms (compile: 1365µs, render: 1570µs)
 GET /admin/projects 200 in 20ms (compile: 5ms, render: 15ms)
 GET /manifest.webmanifest 200 in 3ms (compile: 1325µs, render: 1608µs)
 GET /manager/dashboard 200 in 18ms (compile: 4ms, render: 14ms)
 GET /manifest.webmanifest 200 in 3ms (compile: 1115µs, render: 1464µs)
 GET /admin/projects 200 in 18ms (compile: 3ms, render: 15ms)
 GET /manifest.webmanifest 200 in 3ms (compile: 1266µs, render: 1876µs)
 GET /admin/clients 200 in 18ms (compile: 6ms, render: 13ms)
 GET /manifest.webmanifest 200 in 3ms (compile: 1113µs, render: 1946µs)
 GET /admin/team 200 in 17ms (compile: 4ms, render: 12ms)
 GET /manifest.webmanifest 200 in 2ms (compile: 965µs, render: 1485µs)
 GET /login 200 in 10ms (compile: 1918µs, render: 8ms)
 GET /login 200 in 42ms (compile: 5ms, render: 37ms)
 GET /manifest.webmanifest 200 in 3ms (compile: 1656µs, render: 1227µs)
 GET /admin/dashboard 200 in 12ms (compile: 1784µs, render: 11ms)
 GET /manifest.webmanifest 200 in 3ms (compile: 1138µs, render: 1501µs)
 GET /admin/team 200 in 18ms (compile: 4ms, render: 14ms)
 GET /manifest.webmanifest 200 in 3ms (compile: 1377µs, render: 1508µs)
 GET /admin/projects 200 in 18ms (compile: 3ms, render: 14ms)
 GET /manifest.webmanifest 200 in 4ms (compile: 1955µs, render: 1696µs)
 GET /admin/clients 200 in 18ms (compile: 3ms, render: 15ms)
 GET /manifest.webmanifest 200 in 3ms (compile: 960µs, render: 1878µs)
 GET /admin/team 200 in 18ms (compile: 4ms, render: 14ms)
 GET /manifest.webmanifest 200 in 3ms (compile: 1146µs, render: 1803µs)
 GET /admin/dashboard 200 in 19ms (compile: 3ms, render: 15ms)
 GET /manifest.webmanifest 200 in 3ms (compile: 1013µs, render: 2ms)
 GET /login 200 in 11ms (compile: 1909µs, render: 9ms)
 GET /manifest.webmanifest 200 in 2ms (compile: 976µs, render: 1253µs)
 GET /login 200 in 45ms (compile: 3ms, render: 43ms)
 GET /admin/dashboard 200 in 7ms (compile: 935µs, render: 6ms)
 GET /manifest.webmanifest 200 in 3ms (compile: 992µs, render: 1563µs)
 GET /admin/team 200 in 20ms (compile: 3ms, render: 17ms)
 GET /manifest.webmanifest 200 in 3ms (compile: 1054µs, render: 1479µs)
 GET /login 200 in 34ms (compile: 23ms, render: 11ms)
 GET /login 200 in 35ms (compile: 1768µs, render: 34ms)
 GET /manifest.webmanifest 200 in 3ms (compile: 1353µs, render: 1264µs)
 GET /admin/dashboard 200 in 7ms (compile: 938µs, render: 6ms)
 GET /manifest.webmanifest 200 in 3ms (compile: 1768µs, render: 1381µs)
 GET /admin/team 200 in 18ms (compile: 4ms, render: 15ms)
 GET /manifest.webmanifest 200 in 3ms (compile: 1468µs, render: 1516µs)
 GET /login 200 in 12ms (compile: 1983µs, render: 10ms)
 GET /login 200 in 38ms (compile: 3ms, render: 35ms)
 GET /manifest.webmanifest 200 in 2ms (compile: 786µs, render: 1232µs)
 GET /admin/dashboard 200 in 6ms (compile: 1094µs, render: 5ms)
 GET /manifest.webmanifest 200 in 4ms (compile: 2ms, render: 1332µs)
 GET /admin/team 200 in 19ms (compile: 5ms, render: 14ms)
 GET /manifest.webmanifest 200 in 3ms (compile: 1011µs, render: 1557µs)
 GET /login 200 in 11ms (compile: 1256µs, render: 9ms)
 GET /login 200 in 42ms (compile: 3ms, render: 40ms)
 GET /manifest.webmanifest 200 in 3ms (compile: 1522µs, render: 1334µs)
 GET /admin/dashboard 200 in 7ms (compile: 940µs, render: 6ms)
 GET /manifest.webmanifest 200 in 2ms (compile: 819µs, render: 1423µs)
 GET /admin/team 200 in 18ms (compile: 4ms, render: 15ms)
 GET /manifest.webmanifest 200 in 2ms (compile: 982µs, render: 1446µs)
 GET /admin/dashboard 200 in 18ms (compile: 3ms, render: 14ms)
 GET /manifest.webmanifest 200 in 2ms (compile: 1072µs, render: 1369µs)
 GET /login 200 in 11ms (compile: 2ms, render: 9ms)
 GET /login 200 in 40ms (compile: 3ms, render: 37ms)
 GET /manifest.webmanifest 200 in 2ms (compile: 1085µs, render: 1318µs)
 GET /employee/dashboard 200 in 22ms (compile: 15ms, render: 6ms)
 GET /manifest.webmanifest 200 in 2ms (compile: 937µs, render: 1301µs)
 GET /admin/projects 200 in 19ms (compile: 3ms, render: 16ms)
 GET /manifest.webmanifest 200 in 4ms (compile: 1488µs, render: 2ms)
 GET /employee/forms 200 in 34ms (compile: 25ms, render: 9ms)
 GET /manifest.webmanifest 200 in 2ms (compile: 905µs, render: 1557µs)
 GET /employee/forms 200 in 12ms (compile: 3ms, render: 10ms)
 GET /manifest.webmanifest 200 in 3ms (compile: 1169µs, render: 1514µs)
✓ Compiled in 140ms
 GET /employee/forms 200 in 9ms (compile: 1103µs, render: 8ms)
 GET /manifest.webmanifest 200 in 2ms (compile: 775µs, render: 1389µs)
✓ Compiled in 18ms
✓ Compiled in 49ms
 GET /employee/forms 200 in 77ms (compile: 3ms, render: 74ms)
 GET /manifest.webmanifest 200 in 2ms (compile: 1154µs, render: 1227µs)
 GET /employee/dashboard 200 in 12ms (compile: 3ms, render: 9ms)
 GET /manifest.webmanifest 200 in 3ms (compile: 1857µs, render: 1574µs)
 GET /admin/projects 200 in 21ms (compile: 6ms, render: 15ms)
 GET /manifest.webmanifest 200 in 3ms (compile: 1575µs, render: 1540µs)
 GET /employee/dashboard 200 in 16ms (compile: 3ms, render: 13ms)
 GET /manifest.webmanifest 200 in 3ms (compile: 1229µs, render: 1564µs)
 GET /manifest.webmanifest 200 in 5ms (compile: 1926µs, render: 3ms)
 GET /employee/forms 200 in 17ms (compile: 2ms, render: 14ms)
 GET /manifest.webmanifest 200 in 3ms (compile: 1309µs, render: 1758µs)
 GET /login 200 in 39ms (compile: 27ms, render: 12ms)
 GET /login 200 in 45ms (compile: 8ms, render: 37ms)
 GET /manifest.webmanifest 200 in 2ms (compile: 984µs, render: 1261µs)
 GET /manager/dashboard 200 in 51ms (compile: 41ms, render: 10ms)
 GET /manifest.webmanifest 200 in 2ms (compile: 962µs, render: 1426µs)
 GET /manager/dashboard 200 in 76ms (compile: 4ms, render: 72ms)
 GET /manifest.webmanifest 200 in 2ms (compile: 971µs, render: 1214µs)
 GET /manager/dashboard 200 in 34ms (compile: 3ms, render: 31ms)
 GET /manifest.webmanifest 200 in 3ms (compile: 1087µs, render: 1512µs)
 GET /admin/forms 200 in 72ms (compile: 59ms, render: 12ms)
 GET /manifest.webmanifest 200 in 3ms (compile: 1134µs, render: 1417µs)
 GET /manager/dashboard 200 in 20ms (compile: 3ms, render: 16ms)
 GET /manifest.webmanifest 200 in 3ms (compile: 1050µs, render: 1603µs)
 GET /admin/projects 200 in 18ms (compile: 6ms, render: 12ms)
 GET /manifest.webmanifest 200 in 3ms (compile: 988µs, render: 1527µs)
 GET /admin/team 200 in 22ms (compile: 8ms, render: 14ms)
 GET /manifest.webmanifest 200 in 3ms (compile: 1020µs, render: 1485µs)
✓ Compiled in 24ms
 GET /admin/team 200 in 12ms (compile: 3ms, render: 10ms)
 GET /manifest.webmanifest 200 in 2ms (compile: 897µs, render: 1368µs)
✓ Compiled in 17ms
 GET /manager/dashboard 200 in 58ms (compile: 47ms, render: 12ms)
 GET /manifest.webmanifest 200 in 2ms (compile: 1091µs, render: 1320µs)
 GET /manager/dashboard 200 in 76ms (compile: 3ms, render: 73ms)
 GET /manifest.webmanifest 200 in 3ms (compile: 1459µs, render: 1243µs)
 GET /admin/projects 200 in 20ms (compile: 6ms, render: 14ms)
 GET /manifest.webmanifest 200 in 4ms (compile: 1192µs, render: 3ms)
 GET /admin/projects 200 in 40ms (compile: 2ms, render: 38ms)
 GET /manifest.webmanifest 200 in 3ms (compile: 2ms, render: 1274µs)
 GET /manager/dashboard 200 in 21ms (compile: 4ms, render: 18ms)
 GET /manifest.webmanifest 200 in 2ms (compile: 1020µs, render: 1435µs)
 GET /login 200 in 38ms (compile: 26ms, render: 12ms)
 GET /login 200 in 41ms (compile: 6ms, render: 35ms)
 GET /manifest.webmanifest 200 in 2ms (compile: 968µs, render: 1249µs)
 GET /employee/dashboard 200 in 46ms (compile: 37ms, render: 10ms)
 GET /manifest.webmanifest 200 in 3ms (compile: 849µs, render: 1738µs)
 GET /login 200 in 11ms (compile: 1576µs, render: 9ms)
 GET /login 200 in 41ms (compile: 3ms, render: 38ms)
 GET /manifest.webmanifest 200 in 2ms (compile: 942µs, render: 1181µs)
 GET /admin/dashboard 200 in 47ms (compile: 37ms, render: 10ms)
 GET /manifest.webmanifest 200 in 1884µs (compile: 794µs, render: 1090µs)
 GET /admin/projects 200 in 17ms (compile: 4ms, render: 13ms)
 GET /manifest.webmanifest 200 in 3ms (compile: 1223µs, render: 1469µs)
 GET /admin/dashboard 200 in 18ms (compile: 3ms, render: 14ms)
 GET /manifest.webmanifest 200 in 3ms (compile: 1187µs, render: 1656µs)
 GET /admin/projects 200 in 14ms (compile: 3ms, render: 12ms)
 GET /manifest.webmanifest 200 in 2ms (compile: 833µs, render: 1607µs)
 GET /admin/dashboard 200 in 20ms (compile: 6ms, render: 14ms)
 GET /manifest.webmanifest 200 in 3ms (compile: 1053µs, render: 1451µs)
 GET /admin/projects 200 in 16ms (compile: 3ms, render: 14ms)
 GET /manifest.webmanifest 200 in 3ms (compile: 1190µs, render: 1817µs)
 GET /admin/clients 200 in 24ms (compile: 9ms, render: 15ms)
 GET /manifest.webmanifest 200 in 3ms (compile: 1320µs, render: 1597µs)
 GET /admin/team 200 in 20ms (compile: 5ms, render: 15ms)
 GET /manifest.webmanifest 200 in 3ms (compile: 1359µs, render: 1710µs)
 GET /admin/forms 200 in 26ms (compile: 8ms, render: 19ms)
 GET /manifest.webmanifest 200 in 4ms (compile: 2ms, render: 1849µs)
 GET /settings 200 in 28ms (compile: 18ms, render: 10ms)
 GET /manifest.webmanifest 200 in 3ms (compile: 1473µs, render: 1522µs)
 GET /manifest.webmanifest 200 in 5ms (compile: 1779µs, render: 3ms)
